<?xml version="1.0" encoding="utf-8"?><testsuites name="pytest tests"><testsuite name="pytest" errors="0" failures="1" skipped="0" tests="7" time="3.164" timestamp="2026-07-12T08:31:35.253605+00:00" hostname="agent-env-332130c3-4e6c-41e4-8dbc-cd41ae05eb3d"><testcase classname="backend.tests.test_auth_bugfix" name="test_health" time="0.328" /><testcase classname="backend.tests.test_auth_bugfix" name="test_login_success" time="0.408" /><testcase classname="backend.tests.test_auth_bugfix" name="test_login_wrong_credentials" time="0.174"><failure message="AssertionError: Expected 401, got 422 {&quot;status&quot;:&quot;error&quot;,&quot;message&quot;:&quot;Validation failed&quot;,&quot;errors&quot;:{&quot;password&quot;:[&quot;The password field must be at least 8 characters.&quot;]}}&#10;assert 422 == 401&#10; +  where 422 = &lt;Response [422]&gt;.status_code">backend/tests/test_auth_bugfix.py:39: in test_login_wrong_credentials
    assert r.status_code == 401, f"Expected 401, got {r.status_code} {r.text[:300]}"
E   AssertionError: Expected 401, got 422 {"status":"error","message":"Validation failed","errors":{"password":["The password field must be at least 8 characters."]}}
E   assert 422 == 401
E    +  where 422 = &lt;Response [422]&gt;.status_code</failure></testcase><testcase classname="backend.tests.test_auth_bugfix" name="test_customers_requires_auth" time="0.187" /><testcase classname="backend.tests.test_auth_bugfix" name="test_customers_with_auth" time="0.708" /><testcase classname="backend.tests.test_auth_bugfix" name="test_customers_search_uses_mbstring" time="0.213" /><testcase classname="backend.tests.test_auth_bugfix" name="test_service_plans" time="0.181" /></testsuite></testsuites>