<?xml version="1.0" encoding="utf-8"?><testsuites name="pytest tests"><testsuite name="pytest" errors="0" failures="1" skipped="0" tests="5" time="3.756" timestamp="2026-07-12T08:52:00.796652+00:00" hostname="agent-env-332130c3-4e6c-41e4-8dbc-cd41ae05eb3d"><testcase classname="backend.tests.test_customer_bulk_delete.TestBulkDeleteCustomers" name="test_bulk_delete_three_customers_returns_deleted_3_and_gets_404" time="2.452" /><testcase classname="backend.tests.test_customer_bulk_delete.TestBulkDeleteCustomers" name="test_bulk_delete_empty_returns_422" time="0.142" /><testcase classname="backend.tests.test_customer_bulk_delete.TestBulkDeleteCustomers" name="test_bulk_delete_invalid_uuid_returns_422" time="0.178"><failure message="AssertionError: expected 422, got 500: {&#10;      &quot;message&quot;: &quot;Server Error&quot;&#10;  }&#10;assert 500 == 422&#10; +  where 500 = &lt;Response [500]&gt;.status_code">backend/tests/test_customer_bulk_delete.py:94: in test_bulk_delete_invalid_uuid_returns_422
    assert r.status_code == 422, f"expected 422, got {r.status_code}: {r.text[:300]}"
E   AssertionError: expected 422, got 500: {
E         "message": "Server Error"
E     }
E   assert 500 == 422
E    +  where 500 = &lt;Response [500]&gt;.status_code</failure></testcase><testcase classname="backend.tests.test_customer_bulk_delete.TestBulkDeleteCustomers" name="test_bulk_delete_unauthenticated_returns_401" time="0.125" /><testcase classname="backend.tests.test_customer_bulk_delete.TestBulkDeleteCustomers" name="test_bulk_delete_without_permission_returns_403" time="0.572" /></testsuite></testsuites>