<?xml version="1.0" encoding="utf-8"?><testsuites name="pytest tests"><testsuite name="pytest" errors="0" failures="0" skipped="0" tests="14" time="16.572" timestamp="2026-07-02T19:01:55.236945+00:00" hostname="agent-env-332130c3-4e6c-41e4-8dbc-cd41ae05eb3d"><testcase classname="backend.tests.test_real_data_dashboard.TestAuth" name="test_admin_login_returns_token" time="0.728" /><testcase classname="backend.tests.test_real_data_dashboard.TestAuth" name="test_demo_user_removed" time="0.219" /><testcase classname="backend.tests.test_real_data_dashboard.TestDashboardMetrics" name="test_metrics_shape_and_real_values" time="0.854" /><testcase classname="backend.tests.test_real_data_dashboard.TestDashboardMetrics" name="test_metrics_values_match_db" time="0.448" /><testcase classname="backend.tests.test_real_data_dashboard.TestQuickStats" name="test_quick_stats_shape_and_no_hardcoded_values" time="0.230" /><testcase classname="backend.tests.test_real_data_dashboard.TestHsgqOlt" name="test_list_no_fake_ont_data" time="0.208" /><testcase classname="backend.tests.test_real_data_dashboard.TestHsgqOlt" name="test_ont_endpoints_return_not_implemented_for_valid_id" time="1.371" /><testcase classname="backend.tests.test_real_data_dashboard.TestHsgqOlt" name="test_ont_endpoints_404_for_nonexistent_uuid" time="0.220" /><testcase classname="backend.tests.test_real_data_dashboard.TestRouterSync" name="test_sync_returns_real_result_not_placeholder" time="10.269" /><testcase classname="backend.tests.test_real_data_dashboard.TestRegressions" name="test_core_endpoints_200[customers]" time="0.297" /><testcase classname="backend.tests.test_real_data_dashboard.TestRegressions" name="test_core_endpoints_200[invoices]" time="0.271" /><testcase classname="backend.tests.test_real_data_dashboard.TestRegressions" name="test_core_endpoints_200[service-plans]" time="0.222" /><testcase classname="backend.tests.test_real_data_dashboard.TestRegressions" name="test_core_endpoints_200[tickets]" time="0.215" /><testcase classname="backend.tests.test_real_data_dashboard.TestRegressions" name="test_core_endpoints_200[payments]" time="0.230" /></testsuite></testsuites>