<?xml version="1.0" encoding="utf-8"?><testsuites name="pytest tests"><testsuite name="pytest" errors="0" failures="0" skipped="0" tests="11" time="14.194" timestamp="2026-07-12T09:04:23.225138+00:00" hostname="agent-env-332130c3-4e6c-41e4-8dbc-cd41ae05eb3d"><testcase classname="backend.tests.test_account_number_and_sync_rules.TestAccountNumberValidation" name="test_valid_10_digits_returns_201" time="0.742" /><testcase classname="backend.tests.test_account_number_and_sync_rules.TestAccountNumberValidation" name="test_invalid_account_number_returns_422[ACC1234567]" time="0.178" /><testcase classname="backend.tests.test_account_number_and_sync_rules.TestAccountNumberValidation" name="test_invalid_account_number_returns_422[123456789]" time="0.211" /><testcase classname="backend.tests.test_account_number_and_sync_rules.TestAccountNumberValidation" name="test_invalid_account_number_returns_422[12345678901]" time="0.157" /><testcase classname="backend.tests.test_account_number_and_sync_rules.TestAccountNumberValidation" name="test_invalid_account_number_returns_422[12345 6789A]" time="0.173" /><testcase classname="backend.tests.test_account_number_and_sync_rules.TestAccountNumberValidation" name="test_letters_error_message_contains_format" time="0.187" /><testcase classname="backend.tests.test_account_number_and_sync_rules.TestAccountNumberValidation" name="test_update_customer_letters_rejected" time="1.122" /><testcase classname="backend.tests.test_account_number_and_sync_rules.TestSyncDoesNotAutoCreateCustomers" name="test_sync_router_does_not_create_customers" time="9.719" /><testcase classname="backend.tests.test_account_number_and_sync_rules.TestSyncDoesNotAutoCreateCustomers" name="test_sync_all_does_not_create_customers" time="0.440" /><testcase classname="backend.tests.test_account_number_and_sync_rules.TestQuickRegisterAccountNumber" name="test_quick_register_generates_10_digit_account" time="0.821" /><testcase classname="backend.tests.test_account_number_and_sync_rules.TestBulkDeleteInvalidUuid" name="test_invalid_uuid_returns_422" time="0.154" /></testsuite></testsuites>