<?xml version="1.0" encoding="utf-8"?><testsuites name="pytest tests"><testsuite name="pytest" errors="0" failures="0" skipped="2" tests="34" time="21.612" timestamp="2026-07-02T18:18:46.330407+00:00" hostname="agent-env-332130c3-4e6c-41e4-8dbc-cd41ae05eb3d"><testcase classname="backend.tests.backend_api_test.TestAuth" name="test_admin_login_returns_token" time="1.582" /><testcase classname="backend.tests.backend_api_test.TestAuth" name="test_login_bad_password" time="0.448" /><testcase classname="backend.tests.backend_api_test.TestRBAC" name="test_unauth_users_401" time="0.470" /><testcase classname="backend.tests.backend_api_test.TestRBAC" name="test_unauth_tickets_401" time="0.343" /><testcase classname="backend.tests.backend_api_test.TestRBAC" name="test_unauth_invoices_401" time="0.269" /><testcase classname="backend.tests.backend_api_test.TestRBAC" name="test_lowpriv_users_403" time="1.624" /><testcase classname="backend.tests.backend_api_test.TestRBAC" name="test_lowpriv_reports_revenue_403" time="0.502" /><testcase classname="backend.tests.backend_api_test.TestRBAC" name="test_lowpriv_delete_customer_403" time="1.009" /><testcase classname="backend.tests.backend_api_test.TestRBAC" name="test_lowpriv_can_create_tickets" time="0.939" /><testcase classname="backend.tests.backend_api_test.TestTicketing" name="test_list_tickets" time="0.520" /><testcase classname="backend.tests.backend_api_test.TestTicketing" name="test_get_ticket_by_id" time="0.589" /><testcase classname="backend.tests.backend_api_test.TestTicketing" name="test_add_comment" time="0.297" /><testcase classname="backend.tests.backend_api_test.TestTicketing" name="test_assign_ticket" time="0.628" /><testcase classname="backend.tests.backend_api_test.TestTicketing" name="test_update_status_resolved" time="0.298" /><testcase classname="backend.tests.backend_api_test.TestTicketing" name="test_tickets_statistics" time="0.350" /><testcase classname="backend.tests.backend_api_test.TestReports" name="test_report_endpoint_200[/reports/revenue]" time="0.315" /><testcase classname="backend.tests.backend_api_test.TestReports" name="test_report_endpoint_200[/reports/customer-growth]" time="0.268" /><testcase classname="backend.tests.backend_api_test.TestReports" name="test_report_endpoint_200[/reports/payment-methods]" time="0.278" /><testcase classname="backend.tests.backend_api_test.TestReports" name="test_report_endpoint_200[/reports/service-plans]" time="0.269" /><testcase classname="backend.tests.backend_api_test.TestReports" name="test_report_endpoint_200[/reports/tickets]" time="0.268" /><testcase classname="backend.tests.backend_api_test.TestReports" name="test_revenue_total_is_number" time="0.309" /><testcase classname="backend.tests.backend_api_test.TestHsgqOlt" name="test_list_olts" time="0.297" /><testcase classname="backend.tests.backend_api_test.TestHsgqOlt" name="test_olt_onts_and_discover_and_reboot" time="1.218" /><testcase classname="backend.tests.backend_api_test.TestInvoicing" name="test_invoice_amounts_are_numbers_and_vat_inclusive" time="0.356" /><testcase classname="backend.tests.backend_api_test.TestInvoicing" name="test_record_payment_marks_paid" time="0.981" /><testcase classname="backend.tests.backend_api_test.TestInvoicing" name="test_invoice_pdf" time="1.546" /><testcase classname="backend.tests.backend_api_test.TestVATInclusiveMath" name="test_single_item_1000_gives_925_93_and_74_07" time="0.351"><skipped type="pytest.skip" message="No customer without service_plan/monthly_fee available for deterministic VAT math test">/app/backend/tests/backend_api_test.py:334: No customer without service_plan/monthly_fee available for deterministic VAT math test</skipped></testcase><testcase classname="backend.tests.backend_api_test.TestVATInclusiveMath" name="test_item_1000_with_discount_100" time="0.390"><skipped type="pytest.skip" message="No customer without service_plan/monthly_fee available">/app/backend/tests/backend_api_test.py:353: No customer without service_plan/monthly_fee available</skipped></testcase><testcase classname="backend.tests.backend_api_test.TestVATInclusiveMath" name="test_pdf_contains_peso_and_bir_labels" time="1.606" /><testcase classname="backend.tests.backend_api_test.TestCustomerPortal" name="test_portal_login" time="0.356" /><testcase classname="backend.tests.backend_api_test.TestCustomerPortal" name="test_portal_dashboard" time="0.359" /><testcase classname="backend.tests.backend_api_test.TestCustomerPortal" name="test_portal_invoices" time="0.429" /><testcase classname="backend.tests.backend_api_test.TestCustomerPortal" name="test_portal_payments" time="0.355" /><testcase classname="backend.tests.backend_api_test.TestCustomerPortal" name="test_portal_dashboard_requires_token" time="0.541" /></testsuite></testsuites>