<?xml version="1.0" encoding="utf-8"?><testsuites name="pytest tests"><testsuite name="pytest" errors="0" failures="1" skipped="0" tests="16" time="43.977" timestamp="2026-07-12T06:18:40.752865+00:00" hostname="agent-env-332130c3-4e6c-41e4-8dbc-cd41ae05eb3d"><testcase classname="tests.test_unregistered_leases" name="test_endpoints_require_auth[post-/api/v1/unregistered-leases/sync-all]" time="0.024" /><testcase classname="tests.test_unregistered_leases" name="test_endpoints_require_auth[get-/api/v1/unregistered-leases/static-commented]" time="0.019" /><testcase classname="tests.test_unregistered_leases" name="test_endpoints_require_auth[get-/api/v1/unregistered-leases/dynamic]" time="0.018" /><testcase classname="tests.test_unregistered_leases" name="test_endpoints_require_auth[post-/api/v1/unregistered-leases/some-id/quick-register]" time="0.017" /><testcase classname="tests.test_unregistered_leases" name="test_dhcp_leases_schema_has_new_columns" time="0.432" /><testcase classname="tests.test_unregistered_leases" name="test_sync_all_tolerant_of_zero_or_more_routers" time="0.318" /><testcase classname="tests.test_unregistered_leases" name="test_static_commented_returns_success_shape" time="0.035" /><testcase classname="tests.test_unregistered_leases" name="test_dynamic_returns_success_shape" time="0.041" /><testcase classname="tests.test_unregistered_leases" name="test_static_commented_includes_seeded_lease_and_suggests_plan" time="0.572" /><testcase classname="tests.test_unregistered_leases" name="test_dynamic_endpoint_includes_dynamic_and_uncommented" time="0.898" /><testcase classname="tests.test_unregistered_leases" name="test_quick_register_success_with_plan_match" time="20.478"><failure message="AssertionError: {&quot;success&quot;:false,&quot;message&quot;:&quot;Failed to register client: SQLSTATE[25P02]: In failed sql transaction: 7 ERROR:  current transaction is aborted, commands ignored until end of transaction block (Connection: pgsql, Host: localhost, Port: 5432, Database: isp_billing, SQL: update \&quot;dhcp_leases\&quot; set \&quot;customer_id\&quot; = 019f54fa-6491-732c-abb7-bbed2a06baa7, \&quot;is_matched\&quot; = 1, \&quot;updated_at\&quot; = 2026-07-12 06:19:03 where \&quot;id\&quot; = 019f54fa-644e-70c3-b9f8-75fbf2f2a66c)&quot;}&#10;assert 500 == 201&#10; +  where 500 = &lt;Response [500]&gt;.status_code">E   AssertionError: {"success":false,"message":"Failed to register client: SQLSTATE[25P02]: In failed sql transaction: 7 ERROR:  current transaction is aborted, commands ignored until end of transaction block (Connection: pgsql, Host: localhost, Port: 5432, Database: isp_billing, SQL: update \"dhcp_leases\" set \"customer_id\" = 019f54fa-6491-732c-abb7-bbed2a06baa7, \"is_matched\" = 1, \"updated_at\" = 2026-07-12 06:19:03 where \"id\" = 019f54fa-644e-70c3-b9f8-75fbf2f2a66c)"}
    assert 500 == 201
     +  where 500 = &lt;Response [500]&gt;.status_code</failure></testcase><testcase classname="tests.test_unregistered_leases" name="test_quick_register_already_matched_returns_422" time="0.508" /><testcase classname="tests.test_unregistered_leases" name="test_quick_register_missing_lease_returns_404" time="0.027" /><testcase classname="tests.test_unregistered_leases" name="test_add_client_end_to_end" time="10.344" /><testcase classname="tests.test_unregistered_leases" name="test_add_client_without_service_plan_or_router" time="0.047" /><testcase classname="tests.test_unregistered_leases" name="test_router_sync_dhcp_accepts_request" time="10.032" /></testsuite></testsuites>