<?xml version="1.0" encoding="utf-8"?><testsuites name="pytest tests"><testsuite name="pytest" errors="0" failures="0" skipped="0" tests="7" time="2.486" timestamp="2026-07-30T09:11:23.934848+00:00" hostname="agent-env-332130c3-4e6c-41e4-8dbc-cd41ae05eb3d"><testcase classname="tests.test_settings_and_mikrotik_autocomment.TestSettingsApi" name="test_get_settings_shape" time="0.716" /><testcase classname="tests.test_settings_and_mikrotik_autocomment.TestSettingsApi" name="test_get_without_bearer_401" time="0.030" /><testcase classname="tests.test_settings_and_mikrotik_autocomment.TestSettingsApi" name="test_put_valid_updates_persist_and_reset" time="0.366" /><testcase classname="tests.test_settings_and_mikrotik_autocomment.TestSettingsApi" name="test_put_unknown_key_422" time="0.107" /><testcase classname="tests.test_settings_and_mikrotik_autocomment.TestMikrotikAutoComment" name="test_offline_router_skips_but_updates_local_row" time="0.333" /><testcase classname="tests.test_settings_and_mikrotik_autocomment.TestMikrotikAutoComment" name="test_preexisting_rate_limit_is_preserved_when_no_plan" time="0.236" /><testcase classname="tests.test_settings_and_mikrotik_autocomment.TestMikrotikAutoComment" name="test_regression_static_commented_lease_still_registers" time="0.157" /></testsuite></testsuites>