<?xml version="1.0" encoding="utf-8"?><testsuites name="pytest tests"><testsuite name="pytest" errors="0" failures="8" skipped="0" tests="8" time="4.923" timestamp="2026-07-12T10:03:01.192093+00:00" hostname="agent-env-332130c3-4e6c-41e4-8dbc-cd41ae05eb3d"><testcase classname="backend.tests.qa_ai_code_tools_test.TestSecurity" name="test_read_outside_allowed_roots" time="1.054"><failure message="AssertionError: {&quot;success&quot;:false,&quot;message&quot;:&quot;AI request failed: OpenAI API error: {\n    \&quot;error\&quot;: {\n        \&quot;message\&quot;: \&quot;Rate limit reached for gpt-5.4-mini in organization org-4bwAKc06DQ01SyQWGdOSFIy1 on requests per day (RPD): Limit 50, Used 50, Requested 1. Please try again in 28m48s. Visit https:\/\/platform.openai.com\/account\/rate-limits to learn more. You can increase your rate limit by adding a payment method to your account at https:\/\/platform.openai.com\/account\/billing.\&quot;,\n        \&quot;type\&quot;: \&quot;requests\&quot;,\n        \&quot;param\&quot;: null,\n        \&quot;code\&quot;: \&quot;rate_limit_exceeded\&quot;\n    }\n}\n&quot;}&#10;assert 500 == 200&#10; +  where 500 = &lt;Response [500]&gt;.status_code">E   AssertionError: {"success":false,"message":"AI request failed: OpenAI API error: {\n    \"error\": {\n        \"message\": \"Rate limit reached for gpt-5.4-mini in organization org-4bwAKc06DQ01SyQWGdOSFIy1 on requests per day (RPD): Limit 50, Used 50, Requested 1. Please try again in 28m48s. Visit https:\/\/platform.openai.com\/account\/rate-limits to learn more. You can increase your rate limit by adding a payment method to your account at https:\/\/platform.openai.com\/account\/billing.\",\n        \"type\": \"requests\",\n        \"param\": null,\n        \"code\": \"rate_limit_exceeded\"\n    }\n}\n"}
    assert 500 == 200
     +  where 500 = &lt;Response [500]&gt;.status_code</failure></testcase><testcase classname="backend.tests.qa_ai_code_tools_test.TestSecurity" name="test_traversal_rejected" time="0.370"><failure message="assert 500 == 200&#10; +  where 500 = &lt;Response [500]&gt;.status_code">E   assert 500 == 200
     +  where 500 = &lt;Response [500]&gt;.status_code</failure></testcase><testcase classname="backend.tests.qa_ai_code_tools_test.TestSecurity" name="test_extension_not_allowed" time="0.403"><failure message="assert 500 == 200&#10; +  where 500 = &lt;Response [500]&gt;.status_code">E   assert 500 == 200
     +  where 500 = &lt;Response [500]&gt;.status_code</failure></testcase><testcase classname="backend.tests.qa_ai_code_tools_test.TestSecurity" name="test_search_code_outside_root_refused" time="0.502"><failure message="assert 500 == 200&#10; +  where 500 = &lt;Response [500]&gt;.status_code">E   assert 500 == 200
     +  where 500 = &lt;Response [500]&gt;.status_code</failure></testcase><testcase classname="backend.tests.qa_ai_code_tools_test.TestRbac" name="test_non_super_cannot_use_code_tools" time="0.941"><failure message="AssertionError: {&quot;success&quot;:false,&quot;message&quot;:&quot;AI request failed: OpenAI API error: {\n    \&quot;error\&quot;: {\n        \&quot;message\&quot;: \&quot;Rate limit reached for gpt-5.4-mini in organization org-4bwAKc06DQ01SyQWGdOSFIy1 on requests per day (RPD): Limit 50, Used 50, Requested 1. Please try again in 28m48s. Visit https:\/\/platform.openai.com\/account\/rate-limits to learn more. You can increase your rate limit by adding a payment method to your account at https:\/\/platform.openai.com\/account\/billing.\&quot;,\n        \&quot;type\&quot;: \&quot;requests\&quot;,\n        \&quot;param\&quot;: null,\n        \&quot;code\&quot;: \&quot;rate_limit_exceeded\&quot;\n    }\n}\n&quot;}&#10;assert 500 == 200&#10; +  where 500 = &lt;Response [500]&gt;.status_code">E   AssertionError: {"success":false,"message":"AI request failed: OpenAI API error: {\n    \"error\": {\n        \"message\": \"Rate limit reached for gpt-5.4-mini in organization org-4bwAKc06DQ01SyQWGdOSFIy1 on requests per day (RPD): Limit 50, Used 50, Requested 1. Please try again in 28m48s. Visit https:\/\/platform.openai.com\/account\/rate-limits to learn more. You can increase your rate limit by adding a payment method to your account at https:\/\/platform.openai.com\/account\/billing.\",\n        \"type\": \"requests\",\n        \"param\": null,\n        \"code\": \"rate_limit_exceeded\"\n    }\n}\n"}
    assert 500 == 200
     +  where 500 = &lt;Response [500]&gt;.status_code</failure></testcase><testcase classname="backend.tests.qa_ai_code_tools_test.TestFunctional" name="test_super_admin_list_and_read" time="0.472"><failure message="AssertionError: {&quot;success&quot;:false,&quot;message&quot;:&quot;AI request failed: OpenAI API error: {\n    \&quot;error\&quot;: {\n        \&quot;message\&quot;: \&quot;Rate limit reached for gpt-5.4-mini in organization org-4bwAKc06DQ01SyQWGdOSFIy1 on requests per day (RPD): Limit 50, Used 50, Requested 1. Please try again in 28m48s. Visit https:\/\/platform.openai.com\/account\/rate-limits to learn more. You can increase your rate limit by adding a payment method to your account at https:\/\/platform.openai.com\/account\/billing.\&quot;,\n        \&quot;type\&quot;: \&quot;requests\&quot;,\n        \&quot;param\&quot;: null,\n        \&quot;code\&quot;: \&quot;rate_limit_exceeded\&quot;\n    }\n}\n&quot;}&#10;assert 500 == 200&#10; +  where 500 = &lt;Response [500]&gt;.status_code">E   AssertionError: {"success":false,"message":"AI request failed: OpenAI API error: {\n    \"error\": {\n        \"message\": \"Rate limit reached for gpt-5.4-mini in organization org-4bwAKc06DQ01SyQWGdOSFIy1 on requests per day (RPD): Limit 50, Used 50, Requested 1. Please try again in 28m48s. Visit https:\/\/platform.openai.com\/account\/rate-limits to learn more. You can increase your rate limit by adding a payment method to your account at https:\/\/platform.openai.com\/account\/billing.\",\n        \"type\": \"requests\",\n        \"param\": null,\n        \"code\": \"rate_limit_exceeded\"\n    }\n}\n"}
    assert 500 == 200
     +  where 500 = &lt;Response [500]&gt;.status_code</failure></testcase><testcase classname="backend.tests.qa_ai_code_tools_test.TestFunctional" name="test_search_code" time="0.387"><failure message="AssertionError: {&quot;success&quot;:false,&quot;message&quot;:&quot;AI request failed: OpenAI API error: {\n    \&quot;error\&quot;: {\n        \&quot;message\&quot;: \&quot;Rate limit reached for gpt-5.4-mini in organization org-4bwAKc06DQ01SyQWGdOSFIy1 on requests per day (RPD): Limit 50, Used 50, Requested 1. Please try again in 28m48s. Visit https:\/\/platform.openai.com\/account\/rate-limits to learn more. You can increase your rate limit by adding a payment method to your account at https:\/\/platform.openai.com\/account\/billing.\&quot;,\n        \&quot;type\&quot;: \&quot;requests\&quot;,\n        \&quot;param\&quot;: null,\n        \&quot;code\&quot;: \&quot;rate_limit_exceeded\&quot;\n    }\n}\n&quot;}&#10;assert 500 == 200&#10; +  where 500 = &lt;Response [500]&gt;.status_code">E   AssertionError: {"success":false,"message":"AI request failed: OpenAI API error: {\n    \"error\": {\n        \"message\": \"Rate limit reached for gpt-5.4-mini in organization org-4bwAKc06DQ01SyQWGdOSFIy1 on requests per day (RPD): Limit 50, Used 50, Requested 1. Please try again in 28m48s. Visit https:\/\/platform.openai.com\/account\/rate-limits to learn more. You can increase your rate limit by adding a payment method to your account at https:\/\/platform.openai.com\/account\/billing.\",\n        \"type\": \"requests\",\n        \"param\": null,\n        \"code\": \"rate_limit_exceeded\"\n    }\n}\n"}
    assert 500 == 200
     +  where 500 = &lt;Response [500]&gt;.status_code</failure></testcase><testcase classname="backend.tests.qa_ai_code_tools_test.TestRegression" name="test_wave1_network_status_still_works" time="0.445"><failure message="AssertionError: {&quot;success&quot;:false,&quot;message&quot;:&quot;AI request failed: OpenAI API error: {\n    \&quot;error\&quot;: {\n        \&quot;message\&quot;: \&quot;Rate limit reached for gpt-5.4-mini in organization org-4bwAKc06DQ01SyQWGdOSFIy1 on requests per day (RPD): Limit 50, Used 50, Requested 1. Please try again in 28m48s. Visit https:\/\/platform.openai.com\/account\/rate-limits to learn more. You can increase your rate limit by adding a payment method to your account at https:\/\/platform.openai.com\/account\/billing.\&quot;,\n        \&quot;type\&quot;: \&quot;requests\&quot;,\n        \&quot;param\&quot;: null,\n        \&quot;code\&quot;: \&quot;rate_limit_exceeded\&quot;\n    }\n}\n&quot;}&#10;assert 500 == 200&#10; +  where 500 = &lt;Response [500]&gt;.status_code">E   AssertionError: {"success":false,"message":"AI request failed: OpenAI API error: {\n    \"error\": {\n        \"message\": \"Rate limit reached for gpt-5.4-mini in organization org-4bwAKc06DQ01SyQWGdOSFIy1 on requests per day (RPD): Limit 50, Used 50, Requested 1. Please try again in 28m48s. Visit https:\/\/platform.openai.com\/account\/rate-limits to learn more. You can increase your rate limit by adding a payment method to your account at https:\/\/platform.openai.com\/account\/billing.\",\n        \"type\": \"requests\",\n        \"param\": null,\n        \"code\": \"rate_limit_exceeded\"\n    }\n}\n"}
    assert 500 == 200
     +  where 500 = &lt;Response [500]&gt;.status_code</failure></testcase></testsuite></testsuites>